
========================[ Jun 21, 2016  9:32 AM ]========================
Version 2.2.26 [Sep-21-2011]
Started database file "/cbscratch/hvoehri/hhpred_cif/pdb70.db"
Formatted 439 sequences in volume 0
SUCCESS: formatted database /cbscratch/hvoehri/hhpred_cif/pdb70.db

========================[ Jun 21, 2016  9:34 AM ]========================
Version 2.2.26 [Sep-21-2011]
Started database file "/cbscratch/hvoehri/hhpred_cif/pdb70.db"
Formatted 392 sequences in volume 0
SUCCESS: formatted database /cbscratch/hvoehri/hhpred_cif/pdb70.db

========================[ Jun 21, 2016  9:35 AM ]========================
Version 2.2.26 [Sep-21-2011]
Started database file "/cbscratch/hvoehri/hhpred_cif/pdb70.db"
Formatted 350 sequences in volume 0
SUCCESS: formatted database /cbscratch/hvoehri/hhpred_cif/pdb70.db

========================[ Jun 21, 2016  9:37 AM ]========================
Version 2.2.26 [Sep-21-2011]
Started database file "/cbscratch/hvoehri/hhpred_cif/pdb70.db"
Formatted 304 sequences in volume 0
SUCCESS: formatted database /cbscratch/hvoehri/hhpred_cif/pdb70.db

========================[ Jun 21, 2016  9:39 AM ]========================
Version 2.2.26 [Sep-21-2011]
Started database file "/cbscratch/hvoehri/hhpred_cif/pdb70.db"
Formatted 262 sequences in volume 0
SUCCESS: formatted database /cbscratch/hvoehri/hhpred_cif/pdb70.db

========================[ Jun 21, 2016  9:41 AM ]========================
Version 2.2.26 [Sep-21-2011]
Started database file "/cbscratch/hvoehri/hhpred_cif/pdb70.db"
Formatted 216 sequences in volume 0
SUCCESS: formatted database /cbscratch/hvoehri/hhpred_cif/pdb70.db

========================[ Jun 21, 2016  9:43 AM ]========================
Version 2.2.26 [Sep-21-2011]
Started database file "/cbscratch/hvoehri/hhpred_cif/pdb70.db"
Formatted 174 sequences in volume 0
SUCCESS: formatted database /cbscratch/hvoehri/hhpred_cif/pdb70.db

========================[ Jun 21, 2016  9:45 AM ]========================
Version 2.2.26 [Sep-21-2011]
Started database file "/cbscratch/hvoehri/hhpred_cif/pdb70.db"
Formatted 130 sequences in volume 0
SUCCESS: formatted database /cbscratch/hvoehri/hhpred_cif/pdb70.db

========================[ Jun 21, 2016  9:46 AM ]========================
Version 2.2.26 [Sep-21-2011]
Started database file "/cbscratch/hvoehri/hhpred_cif/pdb70.db"
Formatted 86 sequences in volume 0
SUCCESS: formatted database /cbscratch/hvoehri/hhpred_cif/pdb70.db

========================[ Jun 21, 2016  9:47 AM ]========================
Version 2.2.26 [Sep-21-2011]
Started database file "/cbscratch/hvoehri/hhpred_cif/pdb70.db"
Formatted 42 sequences in volume 0
SUCCESS: formatted database /cbscratch/hvoehri/hhpred_cif/pdb70.db
